  [4;36;1mSQL (0.2ms)[0m   [0;1mSET NAMES 'utf8'[0m
  [4;35;1mSQL (0.1ms)[0m   [0mSET SQL_AUTO_IS_NULL=0[0m
  [4;36;1mSQL (187.3ms)[0m   [0;1mSHOW TABLES[0m
  [4;35;1mSQL (143.2ms)[0m   [0mCREATE TABLE `schema_migrations` (`version` varchar(255) NOT NULL) ENGINE=InnoDB[0m
  [4;36;1mSQL (260.7ms)[0m   [0;1mCREATE UNIQUE INDEX `unique_schema_migrations` ON `schema_migrations` (`version`)[0m
  [4;35;1mSQL (0.4ms)[0m   [0mSHOW TABLES[0m
  [4;36;1mSQL (0.9ms)[0m   [0;1mSELECT version FROM schema_migrations[0m
Migrating to CreateUsers (20100526204423)
  [4;35;1mSQL (0.4ms)[0m   [0mSHOW TABLES[0m
  [4;36;1mSQL (296.0ms)[0m   [0;1mCREATE TABLE `users` (`id` int(11) DEFAULT NULL auto_increment PRIMARY KEY, `login` varchar(40), `name` varchar(100) DEFAULT '', `email` varchar(100), `access_level` int, `crypted_password` varchar(40), `salt` varchar(40), `created_at` datetime, `updated_at` datetime, `remember_token` varchar(40), `remember_token_expires_at` datetime) ENGINE=InnoDB[0m
  [4;35;1mSQL (225.9ms)[0m   [0mCREATE UNIQUE INDEX `index_users_on_login` ON `users` (`login`)[0m
  [4;36;1mSQL (76.6ms)[0m   [0;1mINSERT INTO schema_migrations (version) VALUES ('20100526204423')[0m
Migrating to CreateClients (20100526205740)
  [4;35;1mSQL (180.5ms)[0m   [0mCREATE TABLE `clients` (`id` int(11) DEFAULT NULL auto_increment PRIMARY KEY, `first_name` varchar(100), `last_name` varchar(100), `city` varchar(100), `zip_code` int(11), `phone_num` int(11), `email` varchar(50), `join_date` datetime, `created_at` datetime, `updated_at` datetime) ENGINE=InnoDB[0m
  [4;36;1mSQL (9.0ms)[0m   [0;1mINSERT INTO schema_migrations (version) VALUES ('20100526205740')[0m
Migrating to CreatePrograms (20100526205758)
  [4;35;1mSQL (150.4ms)[0m   [0mCREATE TABLE `programs` (`id` int(11) DEFAULT NULL auto_increment PRIMARY KEY, `name` varchar(100), `description` text, `start_date` datetime, `num_participants` int, `created_at` datetime, `updated_at` datetime) ENGINE=InnoDB[0m
  [4;36;1mSQL (0.5ms)[0m   [0;1mINSERT INTO schema_migrations (version) VALUES ('20100526205758')[0m
Migrating to CreateVolunteers (20100526205806)
  [4;35;1mSQL (185.4ms)[0m   [0mCREATE TABLE `volunteers` (`id` int(11) DEFAULT NULL auto_increment PRIMARY KEY, `first_name` varchar(100), `last_name` varchar(100), `phone_num` int(11), `email` varchar(50), `join_date` datetime, `created_at` datetime, `updated_at` datetime) ENGINE=InnoDB[0m
  [4;36;1mSQL (0.5ms)[0m   [0;1mINSERT INTO schema_migrations (version) VALUES ('20100526205806')[0m
Migrating to CreateEvents (20100526205813)
  [4;35;1mSQL (127.5ms)[0m   [0mCREATE TABLE `events` (`id` int(11) DEFAULT NULL auto_increment PRIMARY KEY, `name` varchar(100), `location` varchar(100), `description` text, `date` datetime, `created_at` datetime, `updated_at` datetime) ENGINE=InnoDB[0m
  [4;36;1mSQL (0.5ms)[0m   [0;1mINSERT INTO schema_migrations (version) VALUES ('20100526205813')[0m
Migrating to CreateClientPrograms (20100526205839)
  [4;35;1mSQL (183.7ms)[0m   [0mCREATE TABLE `client_programs` (`id` int(11) DEFAULT NULL auto_increment PRIMARY KEY, `client_id` int(11), `program_id` int(11), `created_at` datetime, `updated_at` datetime) ENGINE=InnoDB[0m
  [4;36;1mSQL (151.2ms)[0m   [0;1mCREATE INDEX `client_id_ix` ON `client_programs` (`client_id`)[0m
  [4;35;1mSQL (188.0ms)[0m   [0mCREATE INDEX `program_id_ix` ON `client_programs` (`program_id`)[0m
  [4;36;1mSQL (0.5ms)[0m   [0;1mINSERT INTO schema_migrations (version) VALUES ('20100526205839')[0m
Migrating to CreateVolunteerPrograms (20100526205929)
  [4;35;1mSQL (154.3ms)[0m   [0mCREATE TABLE `volunteer_programs` (`id` int(11) DEFAULT NULL auto_increment PRIMARY KEY, `volunteer_id` int(11), `program_id` int(11), `created_at` datetime, `updated_at` datetime) ENGINE=InnoDB[0m
  [4;36;1mSQL (136.7ms)[0m   [0;1mCREATE INDEX `volunteer_id_ix` ON `volunteer_programs` (`volunteer_id`)[0m
  [4;35;1mSQL (157.0ms)[0m   [0mCREATE INDEX `program_id_ix` ON `volunteer_programs` (`program_id`)[0m
  [4;36;1mSQL (0.5ms)[0m   [0;1mINSERT INTO schema_migrations (version) VALUES ('20100526205929')[0m
Migrating to CreateClientEvents (20100526210950)
  [4;35;1mSQL (115.6ms)[0m   [0mCREATE TABLE `client_events` (`id` int(11) DEFAULT NULL auto_increment PRIMARY KEY, `client_id` int(11), `event_id` int(11), `created_at` datetime, `updated_at` datetime) ENGINE=InnoDB[0m
  [4;36;1mSQL (147.3ms)[0m   [0;1mCREATE INDEX `client_id_ix` ON `client_events` (`client_id`)[0m
  [4;35;1mSQL (121.9ms)[0m   [0mCREATE INDEX `event_id_ix` ON `client_events` (`event_id`)[0m
  [4;36;1mSQL (0.4ms)[0m   [0;1mINSERT INTO schema_migrations (version) VALUES ('20100526210950')[0m
Migrating to CreateVolunteerEvents (20100526211056)
  [4;35;1mSQL (165.1ms)[0m   [0mCREATE TABLE `volunteer_events` (`id` int(11) DEFAULT NULL auto_increment PRIMARY KEY, `volunteer_id` int(11), `event_id` int(11), `created_at` datetime, `updated_at` datetime) ENGINE=InnoDB[0m
  [4;36;1mSQL (220.9ms)[0m   [0;1mCREATE INDEX `volunteer_id_ix` ON `volunteer_events` (`volunteer_id`)[0m
  [4;35;1mSQL (160.7ms)[0m   [0mCREATE INDEX `event_id_ix` ON `volunteer_events` (`event_id`)[0m
  [4;36;1mSQL (0.8ms)[0m   [0;1mINSERT INTO schema_migrations (version) VALUES ('20100526211056')[0m
  [4;35;1mSQL (0.6ms)[0m   [0mSHOW TABLES[0m
  [4;36;1mSQL (0.2ms)[0m   [0;1mSELECT version FROM schema_migrations[0m
  [4;35;1mSQL (0.4ms)[0m   [0mSHOW TABLES[0m
  [4;36;1mSQL (41.1ms)[0m   [0;1mSHOW FIELDS FROM `client_events`[0m
  [4;35;1mSQL (0.9ms)[0m   [0mdescribe `client_events`[0m
  [4;36;1mSQL (0.5ms)[0m   [0;1mSHOW KEYS FROM `client_events`[0m
  [4;35;1mSQL (1.1ms)[0m   [0mSHOW FIELDS FROM `client_programs`[0m
  [4;36;1mSQL (1.0ms)[0m   [0;1mdescribe `client_programs`[0m
  [4;35;1mSQL (0.3ms)[0m   [0mSHOW KEYS FROM `client_programs`[0m
  [4;36;1mSQL (1.3ms)[0m   [0;1mSHOW FIELDS FROM `clients`[0m
  [4;35;1mSQL (2.0ms)[0m   [0mdescribe `clients`[0m
  [4;36;1mSQL (0.3ms)[0m   [0;1mSHOW KEYS FROM `clients`[0m
  [4;35;1mSQL (1.1ms)[0m   [0mSHOW FIELDS FROM `events`[0m
  [4;36;1mSQL (1.5ms)[0m   [0;1mdescribe `events`[0m
  [4;35;1mSQL (0.3ms)[0m   [0mSHOW KEYS FROM `events`[0m
  [4;36;1mSQL (1.0ms)[0m   [0;1mSHOW FIELDS FROM `programs`[0m
  [4;35;1mSQL (0.9ms)[0m   [0mdescribe `programs`[0m
  [4;36;1mSQL (0.2ms)[0m   [0;1mSHOW KEYS FROM `programs`[0m
  [4;35;1mSQL (1.2ms)[0m   [0mSHOW FIELDS FROM `users`[0m
  [4;36;1mSQL (1.5ms)[0m   [0;1mdescribe `users`[0m
  [4;35;1mSQL (0.3ms)[0m   [0mSHOW KEYS FROM `users`[0m
  [4;36;1mSQL (1.1ms)[0m   [0;1mSHOW FIELDS FROM `volunteer_events`[0m
  [4;35;1mSQL (1.0ms)[0m   [0mdescribe `volunteer_events`[0m
  [4;36;1mSQL (0.3ms)[0m   [0;1mSHOW KEYS FROM `volunteer_events`[0m
  [4;35;1mSQL (1.2ms)[0m   [0mSHOW FIELDS FROM `volunteer_programs`[0m
  [4;36;1mSQL (1.1ms)[0m   [0;1mdescribe `volunteer_programs`[0m
  [4;35;1mSQL (0.4ms)[0m   [0mSHOW KEYS FROM `volunteer_programs`[0m
  [4;36;1mSQL (1.9ms)[0m   [0;1mSHOW FIELDS FROM `volunteers`[0m
  [4;35;1mSQL (1.1ms)[0m   [0mdescribe `volunteers`[0m
  [4;36;1mSQL (0.4ms)[0m   [0;1mSHOW KEYS FROM `volunteers`[0m
  [4;36;1mSQL (0.1ms)[0m   [0;1mSET NAMES 'utf8'[0m
  [4;35;1mSQL (0.1ms)[0m   [0mSET SQL_AUTO_IS_NULL=0[0m
  [4;36;1mUser Load (0.3ms)[0m   [0;1mSELECT * FROM `users` [0m
  [4;36;1mSQL (0.1ms)[0m   [0;1mSET NAMES 'utf8'[0m
  [4;35;1mSQL (0.2ms)[0m   [0mSET SQL_AUTO_IS_NULL=0[0m


Processing ApplicationController#index (for 127.0.0.1 at 2010-05-26 17:32:28) [GET]

ActionController::RoutingError (No route matches "/user" with {:method=>:get}):
  <internal:prelude>:8:in `synchronize'
  /usr/local/lib/ruby/1.9.1/webrick/httpserver.rb:111:in `service'
  /usr/local/lib/ruby/1.9.1/webrick/httpserver.rb:70:in `run'
  /usr/local/lib/ruby/1.9.1/webrick/server.rb:183:in `block in start_thread'

Rendering rescues/layout (not_found)
  [4;36;1mSQL (0.1ms)[0m   [0;1mSET NAMES 'utf8'[0m
  [4;35;1mSQL (0.1ms)[0m   [0mSET SQL_AUTO_IS_NULL=0[0m


Processing UsersController#index (for 127.0.0.1 at 2010-05-26 17:32:31) [GET]

ActionController::UnknownAction (No action responded to index. Actions: create and new):
  <internal:prelude>:8:in `synchronize'
  /usr/local/lib/ruby/1.9.1/webrick/httpserver.rb:111:in `service'
  /usr/local/lib/ruby/1.9.1/webrick/httpserver.rb:70:in `run'
  /usr/local/lib/ruby/1.9.1/webrick/server.rb:183:in `block in start_thread'

Rendering rescues/layout (not_found)
  [4;36;1mSQL (0.1ms)[0m   [0;1mSET NAMES 'utf8'[0m
  [4;35;1mSQL (0.1ms)[0m   [0mSET SQL_AUTO_IS_NULL=0[0m


Processing UsersController#new (for 127.0.0.1 at 2010-05-26 17:32:38) [GET]
  [4;36;1mUser Columns (36.7ms)[0m   [0;1mSHOW FIELDS FROM `users`[0m
Rendering users/new
Completed in 162ms (View: 116, DB: 37) | 200 OK [http://localhost/users/new]
  [4;35;1mSQL (0.1ms)[0m   [0mSET NAMES 'utf8'[0m
  [4;36;1mSQL (0.1ms)[0m   [0;1mSET SQL_AUTO_IS_NULL=0[0m


Processing UsersController#create (for 127.0.0.1 at 2010-05-26 17:45:32) [POST]
  Parameters: {"authenticity_token"=>"sbBjYrZqeJEPS5zutFxp3TOWnUCLsYBomgHnHIcnaec=", "user"=>{"login"=>"sam", "email"=>"samantha.m.john@gmail.com", "password"=>"movenpick", "password_confirmation"=>"0tuhuw6"}, "commit"=>"Sign up"}
  [4;35;1mUser Columns (35.0ms)[0m   [0mSHOW FIELDS FROM `users`[0m
  [4;36;1mSQL (19.7ms)[0m   [0;1mBEGIN[0m
  [4;35;1mUser Load (47.9ms)[0m   [0mSELECT `users`.id FROM `users` WHERE (`users`.`login` = BINARY 'sam') LIMIT 1[0m
  [4;36;1mUser Load (0.2ms)[0m   [0;1mSELECT `users`.id FROM `users` WHERE (`users`.`email` = BINARY 'samantha.m.john@gmail.com') LIMIT 1[0m
  [4;35;1mSQL (0.1ms)[0m   [0mROLLBACK[0m
Rendering users/new
Completed in 309ms (View: 115, DB: 103) | 200 OK [http://localhost/users]
  [4;36;1mSQL (0.1ms)[0m   [0;1mSET NAMES 'utf8'[0m
  [4;35;1mSQL (0.1ms)[0m   [0mSET SQL_AUTO_IS_NULL=0[0m


Processing UsersController#create (for 127.0.0.1 at 2010-05-26 17:45:40) [POST]
  Parameters: {"authenticity_token"=>"sbBjYrZqeJEPS5zutFxp3TOWnUCLsYBomgHnHIcnaec=", "user"=>{"login"=>"sam", "email"=>"samantha.m.john@gmail.com", "password"=>"0tuhuw6", "password_confirmation"=>"0tuhuw6"}, "commit"=>"Sign up"}
  [4;36;1mUser Columns (1.3ms)[0m   [0;1mSHOW FIELDS FROM `users`[0m
  [4;35;1mSQL (0.1ms)[0m   [0mBEGIN[0m
  [4;36;1mUser Load (0.5ms)[0m   [0;1mSELECT `users`.id FROM `users` WHERE (`users`.`login` = BINARY 'sam') LIMIT 1[0m
  [4;35;1mUser Load (0.2ms)[0m   [0mSELECT `users`.id FROM `users` WHERE (`users`.`email` = BINARY 'samantha.m.john@gmail.com') LIMIT 1[0m
  [4;36;1mUser Create (36.4ms)[0m   [0;1mINSERT INTO `users` (`login`, `name`, `email`, `access_level`, `crypted_password`, `salt`, `created_at`, `updated_at`, `remember_token`, `remember_token_expires_at`) VALUES('sam', '', 'samantha.m.john@gmail.com', NULL, 'db2434487f2713d183d1a4e58238927ef0527558', '01aaafd34959f5c7f0e5f7669c9d65d2bd933c22', '2010-05-26 21:45:40', '2010-05-26 21:45:40', NULL, NULL)[0m
  [4;35;1mSQL (16.7ms)[0m   [0mCOMMIT[0m
Redirected to http://localhost:3000/
Completed in 72ms (DB: 55) | 302 Found [http://localhost/users]
  [4;36;1mSQL (0.1ms)[0m   [0;1mSET NAMES 'utf8'[0m
  [4;35;1mSQL (0.1ms)[0m   [0mSET SQL_AUTO_IS_NULL=0[0m


Processing ApplicationController#index (for 127.0.0.1 at 2010-05-26 17:46:57) [GET]

NameError (uninitialized constant ProgramController):
  <internal:prelude>:8:in `synchronize'
  /usr/local/lib/ruby/1.9.1/webrick/httpserver.rb:111:in `service'
  /usr/local/lib/ruby/1.9.1/webrick/httpserver.rb:70:in `run'
  /usr/local/lib/ruby/1.9.1/webrick/server.rb:183:in `block in start_thread'

Rendered rescues/_trace (50.7ms)
Rendered rescues/_request_and_response (1.4ms)
Rendering rescues/layout (internal_server_error)
  [4;36;1mSQL (0.1ms)[0m   [0;1mSET NAMES 'utf8'[0m
  [4;35;1mSQL (0.1ms)[0m   [0mSET SQL_AUTO_IS_NULL=0[0m


Processing ApplicationController#index (for 127.0.0.1 at 2010-05-26 17:47:57) [GET]

NameError (uninitialized constant ProgramController):
  <internal:prelude>:8:in `synchronize'
  /usr/local/lib/ruby/1.9.1/webrick/httpserver.rb:111:in `service'
  /usr/local/lib/ruby/1.9.1/webrick/httpserver.rb:70:in `run'
  /usr/local/lib/ruby/1.9.1/webrick/server.rb:183:in `block in start_thread'

Rendered rescues/_trace (53.5ms)
Rendered rescues/_request_and_response (0.4ms)
Rendering rescues/layout (internal_server_error)
  [4;36;1mSQL (0.1ms)[0m   [0;1mSET NAMES 'utf8'[0m
  [4;35;1mSQL (0.1ms)[0m   [0mSET SQL_AUTO_IS_NULL=0[0m


Processing ApplicationController#index (for 127.0.0.1 at 2010-05-26 17:48:13) [GET]

ActionController::RoutingError (No route matches "/program" with {:method=>:get}):
  <internal:prelude>:8:in `synchronize'
  /usr/local/lib/ruby/1.9.1/webrick/httpserver.rb:111:in `service'
  /usr/local/lib/ruby/1.9.1/webrick/httpserver.rb:70:in `run'
  /usr/local/lib/ruby/1.9.1/webrick/server.rb:183:in `block in start_thread'

Rendering rescues/layout (not_found)
  [4;36;1mSQL (0.1ms)[0m   [0;1mSET NAMES 'utf8'[0m
  [4;35;1mSQL (0.1ms)[0m   [0mSET SQL_AUTO_IS_NULL=0[0m


Processing ProgramsController#index (for 127.0.0.1 at 2010-05-26 17:48:24) [GET]
  [4;36;1mProgram Load (0.3ms)[0m   [0;1mSELECT * FROM `programs` [0m
Rendering template within layouts/programs
Rendering programs/index
Completed in 476ms (View: 170, DB: 1) | 200 OK [http://localhost/programs]
  [4;35;1mSQL (0.1ms)[0m   [0mSET NAMES 'utf8'[0m
  [4;36;1mSQL (0.1ms)[0m   [0;1mSET SQL_AUTO_IS_NULL=0[0m


Processing ProgramsController#index (for 127.0.0.1 at 2010-05-26 17:48:33) [GET]
  [4;35;1mProgram Load (0.3ms)[0m   [0mSELECT * FROM `programs` [0m
Rendering template within layouts/programs
Rendering programs/index
Completed in 8ms (View: 2, DB: 1) | 200 OK [http://localhost/]
  [4;36;1mSQL (0.1ms)[0m   [0;1mSET NAMES 'utf8'[0m
  [4;35;1mSQL (0.1ms)[0m   [0mSET SQL_AUTO_IS_NULL=0[0m


Processing ProgramsController#new (for 127.0.0.1 at 2010-05-26 17:48:42) [GET]
  [4;36;1mProgram Columns (29.0ms)[0m   [0;1mSHOW FIELDS FROM `programs`[0m
Rendering template within layouts/programs
Rendering programs/new
Completed in 64ms (View: 29, DB: 29) | 200 OK [http://localhost/programs/new]
  [4;35;1mSQL (0.3ms)[0m   [0mSET NAMES 'utf8'[0m
  [4;36;1mSQL (0.1ms)[0m   [0;1mSET SQL_AUTO_IS_NULL=0[0m


Processing ProgramsController#index (for 127.0.0.1 at 2010-05-26 17:48:45) [GET]
  [4;35;1mProgram Load (0.3ms)[0m   [0mSELECT * FROM `programs` [0m
Rendering template within layouts/programs
Rendering programs/index
Completed in 6ms (View: 1, DB: 1) | 200 OK [http://localhost/programs]
  [4;36;1mSQL (0.1ms)[0m   [0;1mSET NAMES 'utf8'[0m
  [4;35;1mSQL (0.1ms)[0m   [0mSET SQL_AUTO_IS_NULL=0[0m


Processing ProgramsController#index (for 127.0.0.1 at 2010-05-26 18:25:59) [GET]
  [4;36;1mProgram Load (0.3ms)[0m   [0;1mSELECT * FROM `programs` [0m
Rendering template within layouts/programs
Rendering programs/index
Completed in 20ms (View: 1, DB: 0) | 200 OK [http://localhost/programs]
  [4;35;1mSQL (0.1ms)[0m   [0mSET NAMES 'utf8'[0m
  [4;36;1mSQL (0.1ms)[0m   [0;1mSET SQL_AUTO_IS_NULL=0[0m


Processing ProgramsController#new (for 127.0.0.1 at 2010-05-26 18:26:00) [GET]
  [4;35;1mProgram Columns (32.1ms)[0m   [0mSHOW FIELDS FROM `programs`[0m
Rendering template within layouts/programs
Rendering programs/new

ActionView::TemplateError (undefined method `body' for #<Program:0x000001027a4728>) on line #11 of app/views/programs/new.html.erb:
8: 
9: <p><%= label_tag 'Description' %><br/>
10: <%= f.text_field :description %>
11: <%= f.text_area :body, :size => "60x12" %></p>
12: 
13: <p><%= label_tag 'Start Date' %><br/>
14: <%= label_tag 'Day' %>	<%= label_tag 'Month' %>	<%= label_tag 'Year' %>	

    app/views/programs/new.html.erb:11:in `block in _run_erb_app47views47programs47new46html46erb'
    app/views/programs/new.html.erb:3
    app/controllers/programs_controller.rb:29:in `new'
    <internal:prelude>:8:in `synchronize'
    /usr/local/lib/ruby/1.9.1/webrick/httpserver.rb:111:in `service'
    /usr/local/lib/ruby/1.9.1/webrick/httpserver.rb:70:in `run'
    /usr/local/lib/ruby/1.9.1/webrick/server.rb:183:in `block in start_thread'

Rendered rescues/_trace (146.5ms)
Rendered rescues/_request_and_response (0.3ms)
Rendering rescues/layout (internal_server_error)
  [4;36;1mSQL (0.1ms)[0m   [0;1mSET NAMES 'utf8'[0m
  [4;35;1mSQL (0.1ms)[0m   [0mSET SQL_AUTO_IS_NULL=0[0m


Processing ProgramsController#new (for 127.0.0.1 at 2010-05-26 18:26:26) [GET]
  [4;36;1mProgram Columns (1.3ms)[0m   [0;1mSHOW FIELDS FROM `programs`[0m
Rendering template within layouts/programs
Rendering programs/new

ActionView::TemplateError (undefined method `day' for #<Program:0x00000103a9cd90>) on line #15 of app/views/programs/new.html.erb:
12: 
13: <p><%= label_tag 'Start Date' %><br/>
14: <%= label_tag 'Day' %>	<%= label_tag 'Month' %>	<%= label_tag 'Year' %>	
15: <%= f.text_field :day %><%= f.text_field :month %><%= f.text_field :year %></p>
16: 
17: <p><%= label_tag 'Number of Participants' %><br/>
18: <%= f.text_field :num_participants %></p>

    app/views/programs/new.html.erb:15:in `block in _run_erb_app47views47programs47new46html46erb'
    app/views/programs/new.html.erb:3
    app/controllers/programs_controller.rb:29:in `new'
    <internal:prelude>:8:in `synchronize'
    /usr/local/lib/ruby/1.9.1/webrick/httpserver.rb:111:in `service'
    /usr/local/lib/ruby/1.9.1/webrick/httpserver.rb:70:in `run'
    /usr/local/lib/ruby/1.9.1/webrick/server.rb:183:in `block in start_thread'

Rendered rescues/_trace (89.3ms)
Rendered rescues/_request_and_response (0.3ms)
Rendering rescues/layout (internal_server_error)
  [4;35;1mSQL (0.1ms)[0m   [0mSET NAMES 'utf8'[0m
  [4;36;1mSQL (0.1ms)[0m   [0;1mSET SQL_AUTO_IS_NULL=0[0m


Processing ProgramsController#new (for 127.0.0.1 at 2010-05-26 18:26:27) [GET]
  [4;35;1mProgram Columns (1.9ms)[0m   [0mSHOW FIELDS FROM `programs`[0m
Rendering template within layouts/programs
Rendering programs/new

ActionView::TemplateError (undefined method `day' for #<Program:0x00000100b32498>) on line #15 of app/views/programs/new.html.erb:
12: 
13: <p><%= label_tag 'Start Date' %><br/>
14: <%= label_tag 'Day' %>	<%= label_tag 'Month' %>	<%= label_tag 'Year' %>	
15: <%= f.text_field :day %><%= f.text_field :month %><%= f.text_field :year %></p>
16: 
17: <p><%= label_tag 'Number of Participants' %><br/>
18: <%= f.text_field :num_participants %></p>

    app/views/programs/new.html.erb:15:in `block in _run_erb_app47views47programs47new46html46erb'
    app/views/programs/new.html.erb:3
    app/controllers/programs_controller.rb:29:in `new'
    <internal:prelude>:8:in `synchronize'
    /usr/local/lib/ruby/1.9.1/webrick/httpserver.rb:111:in `service'
    /usr/local/lib/ruby/1.9.1/webrick/httpserver.rb:70:in `run'
    /usr/local/lib/ruby/1.9.1/webrick/server.rb:183:in `block in start_thread'

Rendered rescues/_trace (88.9ms)
Rendered rescues/_request_and_response (0.3ms)
Rendering rescues/layout (internal_server_error)
  [4;36;1mSQL (0.1ms)[0m   [0;1mSET NAMES 'utf8'[0m
  [4;35;1mSQL (0.1ms)[0m   [0mSET SQL_AUTO_IS_NULL=0[0m


Processing ProgramsController#new (for 127.0.0.1 at 2010-05-26 18:26:50) [GET]
  [4;36;1mProgram Columns (1.2ms)[0m   [0;1mSHOW FIELDS FROM `programs`[0m
Rendering template within layouts/programs
Rendering programs/new
Completed in 22ms (View: 15, DB: 1) | 200 OK [http://localhost/programs/new]
  [4;35;1mSQL (0.1ms)[0m   [0mSET NAMES 'utf8'[0m
  [4;36;1mSQL (0.1ms)[0m   [0;1mSET SQL_AUTO_IS_NULL=0[0m


Processing ProgramsController#new (for 127.0.0.1 at 2010-05-26 18:27:13) [GET]
  [4;35;1mProgram Columns (3.1ms)[0m   [0mSHOW FIELDS FROM `programs`[0m
Rendering template within layouts/programs
Rendering programs/new
Completed in 24ms (View: 13, DB: 3) | 200 OK [http://localhost/programs/new]
  [4;36;1mSQL (0.1ms)[0m   [0;1mSET NAMES 'utf8'[0m
  [4;35;1mSQL (0.1ms)[0m   [0mSET SQL_AUTO_IS_NULL=0[0m


Processing ProgramsController#new (for 127.0.0.1 at 2010-05-26 18:27:19) [GET]
  [4;36;1mProgram Columns (1.5ms)[0m   [0;1mSHOW FIELDS FROM `programs`[0m
Rendering template within layouts/programs
Rendering programs/new
Completed in 21ms (View: 14, DB: 2) | 200 OK [http://localhost/programs/new]
  [4;35;1mSQL (0.1ms)[0m   [0mSET NAMES 'utf8'[0m
  [4;36;1mSQL (0.1ms)[0m   [0;1mSET SQL_AUTO_IS_NULL=0[0m


Processing ProgramsController#new (for 127.0.0.1 at 2010-05-26 18:29:27) [GET]
  [4;35;1mProgram Columns (3.6ms)[0m   [0mSHOW FIELDS FROM `programs`[0m
Rendering template within layouts/programs
Rendering programs/new

ActionView::TemplateError (undefined method `{:size=>"2"}' for #<Program:0x00000103997048>) on line #15 of app/views/programs/new.html.erb:
12: 
13: <p><%= label_tag 'Start Date' %><br/>
14: <%= label_tag 'Day' %>	
15: <%= f.text_field  :size => "2" %><%#= f.text_field :month %><%#= f.text_field :year %></p>
16: <%= label_tag 'Month' %>	<%= label_tag 'Year' %>	
17: <p><%= label_tag 'Number of Participants' %><br/>
18: <%= f.text_field :num_participants %></p>

    app/views/programs/new.html.erb:15:in `block in _run_erb_app47views47programs47new46html46erb'
    app/views/programs/new.html.erb:3
    app/controllers/programs_controller.rb:29:in `new'
    <internal:prelude>:8:in `synchronize'
    /usr/local/lib/ruby/1.9.1/webrick/httpserver.rb:111:in `service'
    /usr/local/lib/ruby/1.9.1/webrick/httpserver.rb:70:in `run'
    /usr/local/lib/ruby/1.9.1/webrick/server.rb:183:in `block in start_thread'

Rendered rescues/_trace (95.6ms)
Rendered rescues/_request_and_response (0.3ms)
Rendering rescues/layout (internal_server_error)
  [4;35;1mProgram Columns (1.2ms)[0m   [0mSHOW FIELDS FROM `programs`[0m
  [4;36;1mSQL (0.1ms)[0m   [0;1mSET NAMES 'utf8'[0m
  [4;35;1mSQL (0.1ms)[0m   [0mSET SQL_AUTO_IS_NULL=0[0m


Processing ProgramsController#new (for 127.0.0.1 at 2010-05-26 18:46:41) [GET]
  [4;36;1mProgram Columns (20.3ms)[0m   [0;1mSHOW FIELDS FROM `programs`[0m
Rendering template within layouts/programs
Rendering programs/new
ERROR: compiling _run_erb_app47views47programs47new46html46erb RAISED /Users/samjohn/Documents/Development/st_francis/app/views/programs/new.html.erb:16: syntax error, unexpected ':', expecting ')'
....text_field_tag(:date_select) :start_date ).to_s); @output_b...
...                               ^
Function body:           def _run_erb_app47views47programs47new46html46erb(local_assigns)
            old_output_buffer = output_buffer;;@output_buffer = '';  __in_erb_template=true ; @output_buffer.concat "<h1>New program</h1>\n\n"

;  form_for(@program) do |f| ; @output_buffer.concat "\n"
; @output_buffer.concat(( f.error_messages ).to_s); @output_buffer.concat "\n\n<p>"

; @output_buffer.concat(( label_tag 'Program Name' ).to_s); @output_buffer.concat "<br/>\n"
; @output_buffer.concat(( f.text_field :name ).to_s); @output_buffer.concat "</p>\n\n<p>"

; @output_buffer.concat(( label_tag 'Description' ).to_s); @output_buffer.concat "<br/>\n"
; @output_buffer.concat "\n"
; @output_buffer.concat(( f.text_area :description, :size => "60x12" ).to_s); @output_buffer.concat "</p>\n\n\n\n<p>"



; @output_buffer.concat(( label_tag 'Start Date' ).to_s); @output_buffer.concat "<br/>\n"
; @output_buffer.concat(( f.text_field_tag(:date_select) :start_date ).to_s); @output_buffer.concat "</p>\n\n<p>"

; @output_buffer.concat(( label_tag 'password_confirmation', 'Confirm Password' ).to_s); @output_buffer.concat "<br/>\n"
; @output_buffer.concat(( f.password_field :password_confirmation ).to_s); @output_buffer.concat "</p>\n\n\n\n\n"




; @output_buffer.concat(( label_tag 'Month' ).to_s); @output_buffer.concat "\t"; @output_buffer.concat(( label_tag 'Year' ).to_s); @output_buffer.concat "\t\n<p>"
; @output_buffer.concat(( label_tag 'Number of Participants' ).to_s); @output_buffer.concat "<br/>\n"
; @output_buffer.concat(( f.text_field :num_participants ).to_s); @output_buffer.concat "</p>\n\n\n<p>"


; @output_buffer.concat(( f.submit 'Create' ).to_s); @output_buffer.concat "</p>\n"
;  end ; @output_buffer.concat "\n\n"

; @output_buffer.concat(( link_to 'Back', programs_path ).to_s); @output_buffer.concat "\n"
; @output_buffer.force_encoding(__ENCODING__)
          ensure
            self.output_buffer = old_output_buffer
          end
Backtrace: /usr/local/lib/ruby/gems/1.9.1/gems/actionpack-2.3.5/lib/action_view/renderable.rb:77:in `module_eval'
/usr/local/lib/ruby/gems/1.9.1/gems/actionpack-2.3.5/lib/action_view/renderable.rb:77:in `compile!'
/usr/local/lib/ruby/gems/1.9.1/gems/actionpack-2.3.5/lib/action_view/renderable.rb:61:in `compile'
/usr/local/lib/ruby/gems/1.9.1/gems/actionpack-2.3.5/lib/action_view/renderable.rb:28:in `render'
/usr/local/lib/ruby/gems/1.9.1/gems/actionpack-2.3.5/lib/action_view/template.rb:205:in `render_template'
/usr/local/lib/ruby/gems/1.9.1/gems/actionpack-2.3.5/lib/action_view/base.rb:265:in `render'
/usr/local/lib/ruby/gems/1.9.1/gems/actionpack-2.3.5/lib/action_view/base.rb:348:in `_render_with_layout'
/usr/local/lib/ruby/gems/1.9.1/gems/actionpack-2.3.5/lib/action_view/base.rb:262:in `render'
/usr/local/lib/ruby/gems/1.9.1/gems/actionpack-2.3.5/lib/action_controller/base.rb:1250:in `render_for_file'
/usr/local/lib/ruby/gems/1.9.1/gems/actionpack-2.3.5/lib/action_controller/base.rb:951:in `render'
/usr/local/lib/ruby/gems/1.9.1/gems/actionpack-2.3.5/lib/action_controller/benchmarking.rb:51:in `block in render_with_benchmark'
/usr/local/lib/ruby/gems/1.9.1/gems/activesupport-2.3.5/lib/active_support/core_ext/benchmark.rb:17:in `block in ms'
/usr/local/lib/ruby/1.9.1/benchmark.rb:309:in `realtime'
/usr/local/lib/ruby/gems/1.9.1/gems/activesupport-2.3.5/lib/active_support/core_ext/benchmark.rb:17:in `ms'
/usr/local/lib/ruby/gems/1.9.1/gems/actionpack-2.3.5/lib/action_controller/benchmarking.rb:51:in `render_with_benchmark'
/usr/local/lib/ruby/gems/1.9.1/gems/actionpack-2.3.5/lib/action_controller/mime_responds.rb:135:in `block in custom'
/usr/local/lib/ruby/gems/1.9.1/gems/actionpack-2.3.5/lib/action_controller/mime_responds.rb:179:in `call'
/usr/local/lib/ruby/gems/1.9.1/gems/actionpack-2.3.5/lib/action_controller/mime_responds.rb:179:in `block in respond'
/usr/local/lib/ruby/gems/1.9.1/gems/actionpack-2.3.5/lib/action_controller/mime_responds.rb:173:in `each'
/usr/local/lib/ruby/gems/1.9.1/gems/actionpack-2.3.5/lib/action_controller/mime_responds.rb:173:in `respond'
/usr/local/lib/ruby/gems/1.9.1/gems/actionpack-2.3.5/lib/action_controller/mime_responds.rb:107:in `respond_to'
/Users/samjohn/Documents/Development/st_francis/app/controllers/programs_controller.rb:29:in `new'
/usr/local/lib/ruby/gems/1.9.1/gems/actionpack-2.3.5/lib/action_controller/base.rb:1331:in `perform_action'
/usr/local/lib/ruby/gems/1.9.1/gems/actionpack-2.3.5/lib/action_controller/filters.rb:617:in `call_filters'
/usr/local/lib/ruby/gems/1.9.1/gems/actionpack-2.3.5/lib/action_controller/filters.rb:610:in `perform_action_with_filters'
/usr/local/lib/ruby/gems/1.9.1/gems/actionpack-2.3.5/lib/action_controller/benchmarking.rb:68:in `block in perform_action_with_benchmark'
/usr/local/lib/ruby/gems/1.9.1/gems/activesupport-2.3.5/lib/active_support/core_ext/benchmark.rb:17:in `block in ms'
/usr/local/lib/ruby/1.9.1/benchmark.rb:309:in `realtime'
/usr/local/lib/ruby/gems/1.9.1/gems/activesupport-2.3.5/lib/active_support/core_ext/benchmark.rb:17:in `ms'
/usr/local/lib/ruby/gems/1.9.1/gems/actionpack-2.3.5/lib/action_controller/benchmarking.rb:68:in `perform_action_with_benchmark'
/usr/local/lib/ruby/gems/1.9.1/gems/actionpack-2.3.5/lib/action_controller/rescue.rb:160:in `perform_action_with_rescue'
/usr/local/lib/ruby/gems/1.9.1/gems/actionpack-2.3.5/lib/action_controller/flash.rb:146:in `perform_action_with_flash'
/usr/local/lib/ruby/gems/1.9.1/gems/actionpack-2.3.5/lib/action_controller/base.rb:532:in `process'
/usr/local/lib/ruby/gems/1.9.1/gems/actionpack-2.3.5/lib/action_controller/filters.rb:606:in `process_with_filters'
/usr/local/lib/ruby/gems/1.9.1/gems/actionpack-2.3.5/lib/action_controller/base.rb:391:in `process'
/usr/local/lib/ruby/gems/1.9.1/gems/actionpack-2.3.5/lib/action_controller/base.rb:386:in `call'
/usr/local/lib/ruby/gems/1.9.1/gems/actionpack-2.3.5/lib/action_controller/routing/route_set.rb:437:in `call'
/usr/local/lib/ruby/gems/1.9.1/gems/actionpack-2.3.5/lib/action_controller/dispatcher.rb:87:in `dispatch'
/usr/local/lib/ruby/gems/1.9.1/gems/actionpack-2.3.5/lib/action_controller/dispatcher.rb:121:in `_call'
/usr/local/lib/ruby/gems/1.9.1/gems/actionpack-2.3.5/lib/action_controller/dispatcher.rb:130:in `block in build_middleware_stack'
/usr/local/lib/ruby/gems/1.9.1/gems/activerecord-2.3.5/lib/active_record/query_cache.rb:29:in `call'
/usr/local/lib/ruby/gems/1.9.1/gems/activerecord-2.3.5/lib/active_record/query_cache.rb:29:in `block in call'
/usr/local/lib/ruby/gems/1.9.1/gems/activerecord-2.3.5/lib/active_record/connection_adapters/abstract/query_cache.rb:34:in `cache'
/usr/local/lib/ruby/gems/1.9.1/gems/activerecord-2.3.5/lib/active_record/query_cache.rb:9:in `cache'
/usr/local/lib/ruby/gems/1.9.1/gems/activerecord-2.3.5/lib/active_record/query_cache.rb:28:in `call'
/usr/local/lib/ruby/gems/1.9.1/gems/activerecord-2.3.5/lib/active_record/connection_adapters/abstract/connection_pool.rb:361:in `call'
/usr/local/lib/ruby/gems/1.9.1/gems/actionpack-2.3.5/lib/action_controller/string_coercion.rb:25:in `call'
/usr/local/lib/ruby/gems/1.9.1/gems/rack-1.0.1/lib/rack/head.rb:9:in `call'
/usr/local/lib/ruby/gems/1.9.1/gems/rack-1.0.1/lib/rack/methodoverride.rb:24:in `call'
/usr/local/lib/ruby/gems/1.9.1/gems/actionpack-2.3.5/lib/action_controller/params_parser.rb:15:in `call'
/usr/local/lib/ruby/gems/1.9.1/gems/actionpack-2.3.5/lib/action_controller/session/cookie_store.rb:93:in `call'
/usr/local/lib/ruby/gems/1.9.1/gems/actionpack-2.3.5/lib/action_controller/failsafe.rb:26:in `call'
/usr/local/lib/ruby/gems/1.9.1/gems/rack-1.0.1/lib/rack/lock.rb:11:in `block in call'
<internal:prelude>:8:in `synchronize'
/usr/local/lib/ruby/gems/1.9.1/gems/rack-1.0.1/lib/rack/lock.rb:11:in `call'
/usr/local/lib/ruby/gems/1.9.1/gems/actionpack-2.3.5/lib/action_controller/dispatcher.rb:114:in `block in call'
/usr/local/lib/ruby/gems/1.9.1/gems/actionpack-2.3.5/lib/action_controller/reloader.rb:34:in `run'
/usr/local/lib/ruby/gems/1.9.1/gems/actionpack-2.3.5/lib/action_controller/dispatcher.rb:108:in `call'
/usr/local/lib/ruby/gems/1.9.1/gems/rails-2.3.5/lib/rails/rack/static.rb:31:in `call'
/usr/local/lib/ruby/gems/1.9.1/gems/rack-1.0.1/lib/rack/urlmap.rb:46:in `block in call'
/usr/local/lib/ruby/gems/1.9.1/gems/rack-1.0.1/lib/rack/urlmap.rb:40:in `each'
/usr/local/lib/ruby/gems/1.9.1/gems/rack-1.0.1/lib/rack/urlmap.rb:40:in `call'
/usr/local/lib/ruby/gems/1.9.1/gems/rails-2.3.5/lib/rails/rack/log_tailer.rb:17:in `call'
/usr/local/lib/ruby/gems/1.9.1/gems/rack-1.0.1/lib/rack/content_length.rb:13:in `call'
/usr/local/lib/ruby/gems/1.9.1/gems/rack-1.0.1/lib/rack/handler/webrick.rb:50:in `service'
/usr/local/lib/ruby/1.9.1/webrick/httpserver.rb:111:in `service'
/usr/local/lib/ruby/1.9.1/webrick/httpserver.rb:70:in `run'
/usr/local/lib/ruby/1.9.1/webrick/server.rb:183:in `block in start_thread'

ActionView::TemplateError (/Users/samjohn/Documents/Development/st_francis/app/views/programs/new.html.erb:16: syntax error, unexpected ':', expecting ')'
....text_field_tag(:date_select) :start_date ).to_s); @output_b...
...                               ^) on line #16 of app/views/programs/new.html.erb:
13: 
14: 
15: <p><%= label_tag 'Start Date' %><br/>
16: <%= f.text_field_tag(:date_select) :start_date %></p>
17: 
18: <p><%= label_tag 'password_confirmation', 'Confirm Password' %><br/>
19: <%= f.password_field :password_confirmation %></p>

    app/controllers/programs_controller.rb:29:in `new'
    <internal:prelude>:8:in `synchronize'
    /usr/local/lib/ruby/1.9.1/webrick/httpserver.rb:111:in `service'
    /usr/local/lib/ruby/1.9.1/webrick/httpserver.rb:70:in `run'
    /usr/local/lib/ruby/1.9.1/webrick/server.rb:183:in `block in start_thread'

Rendered rescues/_trace (83.9ms)
Rendered rescues/_request_and_response (0.3ms)
Rendering rescues/layout (internal_server_error)
  [4;35;1mSQL (0.1ms)[0m   [0mSET NAMES 'utf8'[0m
  [4;36;1mSQL (0.1ms)[0m   [0;1mSET SQL_AUTO_IS_NULL=0[0m


Processing ProgramsController#new (for 127.0.0.1 at 2010-05-26 18:47:29) [GET]
  [4;35;1mProgram Columns (1.2ms)[0m   [0mSHOW FIELDS FROM `programs`[0m
Rendering template within layouts/programs
Rendering programs/new

ActionView::TemplateError (undefined method `password_confirmation' for #<Program:0x000001015e1dd8>) on line #19 of app/views/programs/new.html.erb:
16: <%= f.date_select :start_date %></p>
17: 
18: <p><%= label_tag 'password_confirmation', 'Confirm Password' %><br/>
19: <%= f.password_field :password_confirmation %></p>
20: 
21: 
22: 

    app/views/programs/new.html.erb:19:in `block in _run_erb_app47views47programs47new46html46erb'
    app/views/programs/new.html.erb:3
    app/controllers/programs_controller.rb:29:in `new'
    <internal:prelude>:8:in `synchronize'
    /usr/local/lib/ruby/1.9.1/webrick/httpserver.rb:111:in `service'
    /usr/local/lib/ruby/1.9.1/webrick/httpserver.rb:70:in `run'
    /usr/local/lib/ruby/1.9.1/webrick/server.rb:183:in `block in start_thread'

Rendered rescues/_trace (86.5ms)
Rendered rescues/_request_and_response (0.3ms)
Rendering rescues/layout (internal_server_error)
  [4;36;1mSQL (0.1ms)[0m   [0;1mSET NAMES 'utf8'[0m
  [4;35;1mSQL (0.1ms)[0m   [0mSET SQL_AUTO_IS_NULL=0[0m


Processing ProgramsController#new (for 127.0.0.1 at 2010-05-26 18:47:39) [GET]
  [4;36;1mProgram Columns (1.7ms)[0m   [0;1mSHOW FIELDS FROM `programs`[0m
Rendering template within layouts/programs
Rendering programs/new
Completed in 25ms (View: 18, DB: 2) | 200 OK [http://localhost/programs/new]
  [4;35;1mSQL (0.1ms)[0m   [0mSET NAMES 'utf8'[0m
  [4;36;1mSQL (0.1ms)[0m   [0;1mSET SQL_AUTO_IS_NULL=0[0m


Processing ProgramsController#new (for 127.0.0.1 at 2010-05-26 18:47:58) [GET]
  [4;35;1mProgram Columns (1.4ms)[0m   [0mSHOW FIELDS FROM `programs`[0m
Rendering template within layouts/programs
Rendering programs/new
Completed in 81ms (View: 74, DB: 2) | 200 OK [http://localhost/programs/new]
  [4;36;1mSQL (0.1ms)[0m   [0;1mSET NAMES 'utf8'[0m
  [4;35;1mSQL (0.1ms)[0m   [0mSET SQL_AUTO_IS_NULL=0[0m


Processing ProgramsController#new (for 127.0.0.1 at 2010-05-26 18:48:13) [GET]
  [4;36;1mProgram Columns (1.2ms)[0m   [0;1mSHOW FIELDS FROM `programs`[0m
Rendering template within layouts/programs
Rendering programs/new
Completed in 25ms (View: 19, DB: 1) | 200 OK [http://localhost/programs/new]
  [4;35;1mSQL (0.1ms)[0m   [0mSET NAMES 'utf8'[0m
  [4;36;1mSQL (0.1ms)[0m   [0;1mSET SQL_AUTO_IS_NULL=0[0m


Processing ProgramsController#new (for 127.0.0.1 at 2010-05-26 18:52:09) [GET]
  [4;35;1mProgram Columns (42.8ms)[0m   [0mSHOW FIELDS FROM `programs`[0m
Rendering template within layouts/programs
Rendering programs/new
Completed in 106ms (View: 18, DB: 43) | 200 OK [http://localhost/programs/new]
  [4;36;1mSQL (0.1ms)[0m   [0;1mSET NAMES 'utf8'[0m
  [4;35;1mSQL (0.1ms)[0m   [0mSET SQL_AUTO_IS_NULL=0[0m


Processing ClientsController#index (for 127.0.0.1 at 2010-05-26 18:55:11) [GET]
  [4;36;1mClient Load (0.3ms)[0m   [0;1mSELECT * FROM `clients` [0m
Rendering template within layouts/clients
Rendering clients/index
Completed in 118ms (View: 59, DB: 1) | 200 OK [http://localhost/clients]
  [4;35;1mSQL (0.2ms)[0m   [0mSET NAMES 'utf8'[0m
  [4;36;1mSQL (0.1ms)[0m   [0;1mSET SQL_AUTO_IS_NULL=0[0m


Processing ClientsController#new (for 127.0.0.1 at 2010-05-26 18:55:13) [GET]
  [4;35;1mClient Columns (1.3ms)[0m   [0mSHOW FIELDS FROM `clients`[0m
Rendering template within layouts/clients
Rendering clients/new

ActionView::TemplateError (undefined method `street_address' for #<Client:0x000001015dedf0>) on line #15 of app/views/clients/new.html.erb:
12: <%= f.text_field :last_name %></p>
13: 
14: <p><%= label_tag 'Address' %><br/>
15: <%= f.text_field :street_address %></p>
16: 
17: <p><%= label_tag 'City' %><br/>
18: <%= f.text_field :city %></p>

    app/views/clients/new.html.erb:15:in `block in _run_erb_app47views47clients47new46html46erb'
    app/views/clients/new.html.erb:3
    app/controllers/clients_controller.rb:29:in `new'
    <internal:prelude>:8:in `synchronize'
    /usr/local/lib/ruby/1.9.1/webrick/httpserver.rb:111:in `service'
    /usr/local/lib/ruby/1.9.1/webrick/httpserver.rb:70:in `run'
    /usr/local/lib/ruby/1.9.1/webrick/server.rb:183:in `block in start_thread'

Rendered rescues/_trace (94.0ms)
Rendered rescues/_request_and_response (0.3ms)
Rendering rescues/layout (internal_server_error)
  [4;36;1mSQL (0.1ms)[0m   [0;1mSET NAMES 'utf8'[0m
  [4;35;1mSQL (0.1ms)[0m   [0mSET SQL_AUTO_IS_NULL=0[0m


Processing ClientsController#new (for 127.0.0.1 at 2010-05-26 18:55:20) [GET]
  [4;36;1mClient Columns (1.2ms)[0m   [0;1mSHOW FIELDS FROM `clients`[0m
Rendering template within layouts/clients
Rendering clients/new

ActionView::TemplateError (undefined method `address' for #<Client:0x000001015820d8>) on line #15 of app/views/clients/new.html.erb:
12: <%= f.text_field :last_name %></p>
13: 
14: <p><%= label_tag 'Address' %><br/>
15: <%= f.text_field :address %></p>
16: 
17: <p><%= label_tag 'City' %><br/>
18: <%= f.text_field :city %></p>

    app/views/clients/new.html.erb:15:in `block in _run_erb_app47views47clients47new46html46erb'
    app/views/clients/new.html.erb:3
    app/controllers/clients_controller.rb:29:in `new'
    <internal:prelude>:8:in `synchronize'
    /usr/local/lib/ruby/1.9.1/webrick/httpserver.rb:111:in `service'
    /usr/local/lib/ruby/1.9.1/webrick/httpserver.rb:70:in `run'
    /usr/local/lib/ruby/1.9.1/webrick/server.rb:183:in `block in start_thread'

Rendered rescues/_trace (144.6ms)
Rendered rescues/_request_and_response (0.3ms)
Rendering rescues/layout (internal_server_error)
  [4;36;1mSQL (0.2ms)[0m   [0;1mSET NAMES 'utf8'[0m
  [4;35;1mSQL (0.1ms)[0m   [0mSET SQL_AUTO_IS_NULL=0[0m
  [4;36;1mSQL (46.2ms)[0m   [0;1mSHOW TABLES[0m
  [4;35;1mSQL (0.4ms)[0m   [0mSELECT version FROM schema_migrations[0m
Migrating to CreateUsers (20100526204423)
Migrating to CreateClients (20100526205740)
Migrating to CreatePrograms (20100526205758)
Migrating to CreateVolunteers (20100526205806)
Migrating to CreateEvents (20100526205813)
Migrating to CreateClientPrograms (20100526205839)
Migrating to CreateVolunteerPrograms (20100526205929)
Migrating to CreateClientEvents (20100526210950)
Migrating to CreateVolunteerEvents (20100526211056)
Migrating to ClientAddlInfo (20100526225558)
  [4;36;1mSQL (118.5ms)[0m   [0;1mALTER TABLE `clients` ADD `address1` varchar(100)[0m
  [4;35;1mSQL (217.2ms)[0m   [0mALTER TABLE `clients` ADD `address2` varchar(100)[0m
  [4;36;1mSQL (133.1ms)[0m   [0;1mALTER TABLE `clients` ADD `state` varchar(20)[0m
  [4;35;1mSQL (0.5ms)[0m   [0mINSERT INTO schema_migrations (version) VALUES ('20100526225558')[0m
  [4;36;1mSQL (0.5ms)[0m   [0;1mSHOW TABLES[0m
  [4;35;1mSQL (0.2ms)[0m   [0mSELECT version FROM schema_migrations[0m
  [4;36;1mSQL (0.3ms)[0m   [0;1mSHOW TABLES[0m
  [4;35;1mSQL (7.2ms)[0m   [0mSHOW FIELDS FROM `client_events`[0m
  [4;36;1mSQL (33.0ms)[0m   [0;1mdescribe `client_events`[0m
  [4;35;1mSQL (0.4ms)[0m   [0mSHOW KEYS FROM `client_events`[0m
  [4;36;1mSQL (1.4ms)[0m   [0;1mSHOW FIELDS FROM `client_programs`[0m
  [4;35;1mSQL (6.6ms)[0m   [0mdescribe `client_programs`[0m
  [4;36;1mSQL (1.1ms)[0m   [0;1mSHOW KEYS FROM `client_programs`[0m
  [4;35;1mSQL (1.9ms)[0m   [0mSHOW FIELDS FROM `clients`[0m
  [4;36;1mSQL (3.5ms)[0m   [0;1mdescribe `clients`[0m
  [4;35;1mSQL (0.3ms)[0m   [0mSHOW KEYS FROM `clients`[0m
  [4;36;1mSQL (15.2ms)[0m   [0;1mSHOW FIELDS FROM `events`[0m
  [4;35;1mSQL (1.5ms)[0m   [0mdescribe `events`[0m
  [4;36;1mSQL (1.0ms)[0m   [0;1mSHOW KEYS FROM `events`[0m
  [4;35;1mSQL (1.0ms)[0m   [0mSHOW FIELDS FROM `programs`[0m
  [4;36;1mSQL (2.0ms)[0m   [0;1mdescribe `programs`[0m
  [4;35;1mSQL (20.0ms)[0m   [0mSHOW KEYS FROM `programs`[0m
  [4;36;1mSQL (1.3ms)[0m   [0;1mSHOW FIELDS FROM `users`[0m
  [4;35;1mSQL (2.8ms)[0m   [0mdescribe `users`[0m
  [4;36;1mSQL (5.9ms)[0m   [0;1mSHOW KEYS FROM `users`[0m
  [4;35;1mSQL (14.4ms)[0m   [0mSHOW FIELDS FROM `volunteer_events`[0m
  [4;36;1mSQL (1.1ms)[0m   [0;1mdescribe `volunteer_events`[0m
  [4;35;1mSQL (3.5ms)[0m   [0mSHOW KEYS FROM `volunteer_events`[0m
  [4;36;1mSQL (1.0ms)[0m   [0;1mSHOW FIELDS FROM `volunteer_programs`[0m
  [4;35;1mSQL (9.9ms)[0m   [0mdescribe `volunteer_programs`[0m
  [4;36;1mSQL (5.8ms)[0m   [0;1mSHOW KEYS FROM `volunteer_programs`[0m
  [4;35;1mSQL (3.2ms)[0m   [0mSHOW FIELDS FROM `volunteers`[0m
  [4;36;1mSQL (1.8ms)[0m   [0;1mdescribe `volunteers`[0m
  [4;35;1mSQL (1.1ms)[0m   [0mSHOW KEYS FROM `volunteers`[0m
  [4;36;1mSQL (0.1ms)[0m   [0;1mSET NAMES 'utf8'[0m
  [4;35;1mSQL (0.1ms)[0m   [0mSET SQL_AUTO_IS_NULL=0[0m
  [4;36;1mSQL (0.5ms)[0m   [0;1mSHOW TABLES[0m
  [4;35;1mSQL (0.2ms)[0m   [0mSELECT version FROM schema_migrations[0m
Migrating to CreateUsers (20100526204423)
Migrating to CreateClients (20100526205740)
Migrating to CreatePrograms (20100526205758)
Migrating to CreateVolunteers (20100526205806)
Migrating to CreateEvents (20100526205813)
Migrating to CreateClientPrograms (20100526205839)
Migrating to CreateVolunteerPrograms (20100526205929)
Migrating to CreateClientEvents (20100526210950)
Migrating to CreateVolunteerEvents (20100526211056)
Migrating to ClientAddlInfo (20100526225558)
  [4;36;1mSQL (0.5ms)[0m   [0;1mSHOW TABLES[0m
  [4;35;1mSQL (0.2ms)[0m   [0mSELECT version FROM schema_migrations[0m
  [4;36;1mSQL (0.3ms)[0m   [0;1mSHOW TABLES[0m
  [4;35;1mSQL (0.9ms)[0m   [0mSHOW FIELDS FROM `client_events`[0m
  [4;36;1mSQL (2.3ms)[0m   [0;1mdescribe `client_events`[0m
  [4;35;1mSQL (0.4ms)[0m   [0mSHOW KEYS FROM `client_events`[0m
  [4;36;1mSQL (1.7ms)[0m   [0;1mSHOW FIELDS FROM `client_programs`[0m
  [4;35;1mSQL (1.0ms)[0m   [0mdescribe `client_programs`[0m
  [4;36;1mSQL (0.3ms)[0m   [0;1mSHOW KEYS FROM `client_programs`[0m
  [4;35;1mSQL (1.0ms)[0m   [0mSHOW FIELDS FROM `clients`[0m
  [4;36;1mSQL (1.1ms)[0m   [0;1mdescribe `clients`[0m
  [4;35;1mSQL (0.2ms)[0m   [0mSHOW KEYS FROM `clients`[0m
  [4;36;1mSQL (0.8ms)[0m   [0;1mSHOW FIELDS FROM `events`[0m
  [4;35;1mSQL (1.2ms)[0m   [0mdescribe `events`[0m
  [4;36;1mSQL (0.9ms)[0m   [0;1mSHOW KEYS FROM `events`[0m
  [4;35;1mSQL (0.9ms)[0m   [0mSHOW FIELDS FROM `programs`[0m
  [4;36;1mSQL (1.1ms)[0m   [0;1mdescribe `programs`[0m
  [4;35;1mSQL (0.4ms)[0m   [0mSHOW KEYS FROM `programs`[0m
  [4;36;1mSQL (1.3ms)[0m   [0;1mSHOW FIELDS FROM `users`[0m
  [4;35;1mSQL (2.4ms)[0m   [0mdescribe `users`[0m
  [4;36;1mSQL (0.3ms)[0m   [0;1mSHOW KEYS FROM `users`[0m
  [4;35;1mSQL (1.6ms)[0m   [0mSHOW FIELDS FROM `volunteer_events`[0m
  [4;36;1mSQL (0.9ms)[0m   [0;1mdescribe `volunteer_events`[0m
  [4;35;1mSQL (0.3ms)[0m   [0mSHOW KEYS FROM `volunteer_events`[0m
  [4;36;1mSQL (0.8ms)[0m   [0;1mSHOW FIELDS FROM `volunteer_programs`[0m
  [4;35;1mSQL (1.1ms)[0m   [0mdescribe `volunteer_programs`[0m
  [4;36;1mSQL (0.3ms)[0m   [0;1mSHOW KEYS FROM `volunteer_programs`[0m
  [4;35;1mSQL (0.9ms)[0m   [0mSHOW FIELDS FROM `volunteers`[0m
  [4;36;1mSQL (1.2ms)[0m   [0;1mdescribe `volunteers`[0m
  [4;35;1mSQL (0.2ms)[0m   [0mSHOW KEYS FROM `volunteers`[0m
  [4;36;1mSQL (0.1ms)[0m   [0;1mSET NAMES 'utf8'[0m
  [4;35;1mSQL (0.1ms)[0m   [0mSET SQL_AUTO_IS_NULL=0[0m


Processing ClientsController#new (for 127.0.0.1 at 2010-05-26 19:00:34) [GET]
  [4;36;1mClient Columns (1.3ms)[0m   [0;1mSHOW FIELDS FROM `clients`[0m
Rendering template within layouts/clients
Rendering clients/new

ActionView::TemplateError (undefined method `address' for #<Client:0x00000101261320>) on line #15 of app/views/clients/new.html.erb:
12: <%= f.text_field :last_name %></p>
13: 
14: <p><%= label_tag 'Address' %><br/>
15: <%= f.text_field :address %></p>
16: 
17: <p><%= label_tag 'City' %><br/>
18: <%= f.text_field :city %></p>

    app/views/clients/new.html.erb:15:in `block in _run_erb_app47views47clients47new46html46erb'
    app/views/clients/new.html.erb:3
    app/controllers/clients_controller.rb:29:in `new'
    <internal:prelude>:8:in `synchronize'
    /usr/local/lib/ruby/1.9.1/webrick/httpserver.rb:111:in `service'
    /usr/local/lib/ruby/1.9.1/webrick/httpserver.rb:70:in `run'
    /usr/local/lib/ruby/1.9.1/webrick/server.rb:183:in `block in start_thread'

Rendered rescues/_trace (99.1ms)
Rendered rescues/_request_and_response (1.4ms)
Rendering rescues/layout (internal_server_error)
  [4;35;1mSQL (0.1ms)[0m   [0mSET NAMES 'utf8'[0m
  [4;36;1mSQL (0.1ms)[0m   [0;1mSET SQL_AUTO_IS_NULL=0[0m


Processing ClientsController#new (for 127.0.0.1 at 2010-05-26 19:00:57) [GET]
  [4;35;1mClient Columns (1.4ms)[0m   [0mSHOW FIELDS FROM `clients`[0m
Rendering template within layouts/clients
Rendering clients/new
Completed in 291ms (View: 283, DB: 2) | 200 OK [http://localhost/clients/new]
  [4;36;1mSQL (0.1ms)[0m   [0;1mSET NAMES 'utf8'[0m
  [4;35;1mSQL (0.1ms)[0m   [0mSET SQL_AUTO_IS_NULL=0[0m


Processing ClientsController#new (for 127.0.0.1 at 2010-05-26 19:01:24) [GET]
  [4;36;1mClient Columns (1.4ms)[0m   [0;1mSHOW FIELDS FROM `clients`[0m
Rendering template within layouts/clients
Rendering clients/new
Completed in 27ms (View: 20, DB: 2) | 200 OK [http://localhost/clients/new]
  [4;35;1mSQL (0.1ms)[0m   [0mSET NAMES 'utf8'[0m
  [4;36;1mSQL (0.1ms)[0m   [0;1mSET SQL_AUTO_IS_NULL=0[0m


Processing ClientsController#new (for 127.0.0.1 at 2010-05-26 19:01:40) [GET]
  [4;35;1mClient Columns (1.5ms)[0m   [0mSHOW FIELDS FROM `clients`[0m
Rendering template within layouts/clients
Rendering clients/new
Completed in 26ms (View: 19, DB: 2) | 200 OK [http://localhost/clients/new]
  [4;36;1mSQL (0.1ms)[0m   [0;1mSET NAMES 'utf8'[0m
  [4;35;1mSQL (0.1ms)[0m   [0mSET SQL_AUTO_IS_NULL=0[0m


Processing ClientsController#new (for 127.0.0.1 at 2010-05-26 19:01:53) [GET]
  [4;36;1mClient Columns (1.6ms)[0m   [0;1mSHOW FIELDS FROM `clients`[0m
Rendering template within layouts/clients
Rendering clients/new

ActionView::TemplateError (undefined local variable or method `size' for #<ActionView::Base:0x00000102425218>) on line #24 of app/views/clients/new.html.erb:
21: <%= f.text_field :city %></p>
22: 
23: <p><%= label_tag 'State' %><br/>
24: <%= f.text_field :state, size=> 3 %>
25: 
26: <%= label_tag 'Zip' %><br/>
27: <%= f.text_field :zip_code, :size=>4 %></p>

    app/views/clients/new.html.erb:24:in `block in _run_erb_app47views47clients47new46html46erb'
    app/views/clients/new.html.erb:3
    app/controllers/clients_controller.rb:29:in `new'
    <internal:prelude>:8:in `synchronize'
    /usr/local/lib/ruby/1.9.1/webrick/httpserver.rb:111:in `service'
    /usr/local/lib/ruby/1.9.1/webrick/httpserver.rb:70:in `run'
    /usr/local/lib/ruby/1.9.1/webrick/server.rb:183:in `block in start_thread'

Rendered rescues/_trace (129.6ms)
Rendered rescues/_request_and_response (0.3ms)
Rendering rescues/layout (internal_server_error)
  [4;35;1mSQL (0.1ms)[0m   [0mSET NAMES 'utf8'[0m
  [4;36;1mSQL (0.1ms)[0m   [0;1mSET SQL_AUTO_IS_NULL=0[0m


Processing ClientsController#new (for 127.0.0.1 at 2010-05-26 19:01:59) [GET]
  [4;35;1mClient Columns (2.4ms)[0m   [0mSHOW FIELDS FROM `clients`[0m
Rendering template within layouts/clients
Rendering clients/new
Completed in 27ms (View: 19, DB: 3) | 200 OK [http://localhost/clients/new]
  [4;36;1mSQL (0.1ms)[0m   [0;1mSET NAMES 'utf8'[0m
  [4;35;1mSQL (0.1ms)[0m   [0mSET SQL_AUTO_IS_NULL=0[0m


Processing ClientsController#new (for 127.0.0.1 at 2010-05-26 19:02:10) [GET]
  [4;36;1mClient Columns (1.3ms)[0m   [0;1mSHOW FIELDS FROM `clients`[0m
Rendering template within layouts/clients
Rendering clients/new
Completed in 27ms (View: 20, DB: 2) | 200 OK [http://localhost/clients/new]
  [4;35;1mSQL (0.1ms)[0m   [0mSET NAMES 'utf8'[0m
  [4;36;1mSQL (0.1ms)[0m   [0;1mSET SQL_AUTO_IS_NULL=0[0m


Processing ClientsController#new (for 127.0.0.1 at 2010-05-26 19:02:28) [GET]
  [4;35;1mClient Columns (1.4ms)[0m   [0mSHOW FIELDS FROM `clients`[0m
Rendering template within layouts/clients
Rendering clients/new
Completed in 74ms (View: 67, DB: 2) | 200 OK [http://localhost/clients/new]
  [4;36;1mSQL (0.1ms)[0m   [0;1mSET NAMES 'utf8'[0m
  [4;35;1mSQL (0.1ms)[0m   [0mSET SQL_AUTO_IS_NULL=0[0m


Processing ClientsController#new (for 127.0.0.1 at 2010-05-26 19:02:39) [GET]
  [4;36;1mClient Columns (1.4ms)[0m   [0;1mSHOW FIELDS FROM `clients`[0m
Rendering template within layouts/clients
Rendering clients/new
Completed in 27ms (View: 19, DB: 2) | 200 OK [http://localhost/clients/new]
  [4;35;1mSQL (0.1ms)[0m   [0mSET NAMES 'utf8'[0m
  [4;36;1mSQL (0.1ms)[0m   [0;1mSET SQL_AUTO_IS_NULL=0[0m


Processing ClientsController#new (for 127.0.0.1 at 2010-05-26 19:03:05) [GET]
  [4;35;1mClient Columns (1.5ms)[0m   [0mSHOW FIELDS FROM `clients`[0m
Rendering template within layouts/clients
Rendering clients/new
Completed in 28ms (View: 21, DB: 2) | 200 OK [http://localhost/clients/new]
  [4;36;1mSQL (0.1ms)[0m   [0;1mSET NAMES 'utf8'[0m
  [4;35;1mSQL (0.1ms)[0m   [0mSET SQL_AUTO_IS_NULL=0[0m


Processing ClientsController#new (for 127.0.0.1 at 2010-05-26 19:05:52) [GET]
  [4;36;1mClient Columns (20.1ms)[0m   [0;1mSHOW FIELDS FROM `clients`[0m
Rendering template within layouts/clients
Rendering clients/new
Completed in 100ms (View: 61, DB: 20) | 200 OK [http://localhost/clients/new]
  [4;35;1mSQL (0.1ms)[0m   [0mSET NAMES 'utf8'[0m
  [4;36;1mSQL (0.1ms)[0m   [0;1mSET SQL_AUTO_IS_NULL=0[0m


Processing EventsController#new (for 127.0.0.1 at 2010-05-26 19:07:43) [GET]
  [4;35;1mEvent Columns (1.2ms)[0m   [0mSHOW FIELDS FROM `events`[0m
Rendering template within layouts/events
Rendering events/new
Completed in 117ms (View: 26, DB: 1) | 200 OK [http://localhost/events/new]
  [4;36;1mSQL (0.1ms)[0m   [0;1mSET NAMES 'utf8'[0m
  [4;35;1mSQL (0.1ms)[0m   [0mSET SQL_AUTO_IS_NULL=0[0m


Processing EventsController#new (for 127.0.0.1 at 2010-05-26 19:07:56) [GET]
  [4;36;1mEvent Columns (1.2ms)[0m   [0;1mSHOW FIELDS FROM `events`[0m
Rendering template within layouts/events
Rendering events/new
Completed in 24ms (View: 18, DB: 1) | 200 OK [http://localhost/events/new]
  [4;35;1mSQL (0.1ms)[0m   [0mSET NAMES 'utf8'[0m
  [4;36;1mSQL (3.1ms)[0m   [0;1mSET SQL_AUTO_IS_NULL=0[0m


Processing VolunteersController#new (for 127.0.0.1 at 2010-05-26 19:09:02) [GET]
  [4;35;1mVolunteer Columns (1.2ms)[0m   [0mSHOW FIELDS FROM `volunteers`[0m
Rendering template within layouts/volunteers
Rendering volunteers/new
Completed in 48ms (View: 28, DB: 4) | 200 OK [http://localhost/volunteers/new]
